TN:
SF:stringCalculator.js
FN:2,add
FN:9,(anonymous_1)
FN:13,getDelimiters
FN:18,(anonymous_3)
FN:24,splitNumbers
FN:28,(anonymous_5)
FN:31,validateNumbers
FN:32,(anonymous_7)
FNF:8
FNH:8
FNDA:21,add
FNDA:1068,(anonymous_1)
FNDA:20,getDelimiters
FNDA:9,(anonymous_3)
FNDA:20,splitNumbers
FNDA:1087,(anonymous_5)
FNDA:20,validateNumbers
FNDA:1080,(anonymous_7)
DA:3,21
DA:5,20
DA:6,20
DA:7,20
DA:9,1068
DA:14,20
DA:15,20
DA:16,7
DA:18,9
DA:19,7
DA:21,13
DA:25,20
DA:26,20
DA:27,20
DA:28,1087
DA:32,1080
DA:33,20
DA:34,4
DA:39,1
LF:19
LH:19
BRDA:3,0,0,1
BRDA:3,0,1,20
BRDA:15,1,0,7
BRDA:15,1,1,13
BRDA:28,2,0,1087
BRDA:28,2,1,1082
BRDA:33,3,0,4
BRDA:33,3,1,16
BRF:8
BRH:8
end_of_record
